<!DOCTYPE html PUBLIC "-//W3C//DTD XHTML 1.1//EN" "http://www.w3.org/TR/xhtml11/DTD/xhtml11.dtd">
<html xmlns="http://www.w3.org/1999/xhtml"><head><title>TestNG Report</title><style type="text/css">table {margin-bottom:10px;border-collapse:collapse;empty-cells:show}th,td {border:1px solid #009;padding:.25em .5em}th {vertical-align:bottom}td {vertical-align:top}table a {font-weight:bold}.stripe td {background-color: #E6EBF9}.num {text-align:right}.passedodd td {background-color: #3F3}.passedeven td {background-color: #0A0}.skippedodd td {background-color: #DDD}.skippedeven td {background-color: #CCC}.failedodd td,.attn {background-color: #F33}.failedeven td,.stripe .attn {background-color: #D00}.stacktrace {white-space:pre;font-family:monospace}.totop {font-size:85%;text-align:center;border-bottom:2px solid #000}</style></head><body><table><tr><th>Test</th><th># Passed</th><th># Skipped</th><th># Failed</th><th>Time (ms)</th><th>Included Groups</th><th>Excluded Groups</th></tr><tr><th colspan="7">Suite</th></tr><tr><td><a href="#t0">Test</a></td><td class="num">10</td><td class="num">0</td><td class="num attn">2</td><td class="num">354,346</td><td></td><td></td></tr></table><table id='summary'><thead><tr><th>Class</th><th>Method</th><th>Start</th><th>Time (ms)</th></tr></thead><tbody><tr><th colspan="4">Suite</th></tr></tbody><tbody id="t0"><tr><th colspan="4">Test &#8212; failed</th></tr><tr class="failedeven"><td rowspan="1">com.drx.qa.TestClass.LoginImageClick</td><td><a href="#m0">verifyLoginImpageLink</a></td><td rowspan="1">1588960450537</td><td rowspan="1">6</td></tr><tr class="failedodd"><td rowspan="1">com.drx.qa.TestClass.NewRxTestClass</td><td><a href="#m1">selectDrug</a></td><td rowspan="1">1588960234879</td><td rowspan="1">20321</td></tr><tr><th colspan="4">Test &#8212; passed</th></tr><tr class="passedeven"><td rowspan="1">com.drx.qa.TestClass.DrugSelectionFromlist</td><td><a href="#m2">selectDrugfromlist</a></td><td rowspan="1">1588960285873</td><td rowspan="1">12277</td></tr><tr class="passedodd"><td rowspan="1">com.drx.qa.TestClass.FinalPageTestClass</td><td><a href="#m3">sendToPhramacyFinalPage</a></td><td rowspan="1">1588960410254</td><td rowspan="1">30463</td></tr><tr class="passedeven"><td rowspan="2">com.drx.qa.TestClass.LoginTestClass</td><td><a href="#m4">doLogin</a></td><td rowspan="1">1588960107553</td><td rowspan="1">379</td></tr><tr class="passedeven"><td><a href="#m5">submitbutton</a></td><td rowspan="1">1588960116681</td><td rowspan="1">708</td></tr><tr class="passedodd"><td rowspan="2">com.drx.qa.TestClass.NewRxTestClass</td><td><a href="#m6">DelievryDDP</a></td><td rowspan="1">1588960184555</td><td rowspan="1">205</td></tr><tr class="passedodd"><td><a href="#m7">searchDrug</a></td><td rowspan="1">1588960208985</td><td rowspan="1">2165</td></tr><tr class="passedeven"><td rowspan="1">com.drx.qa.TestClass.PatientDetailsPageTest</td><td><a href="#m8">selectPatient</a></td><td rowspan="1">1588960149994</td><td rowspan="1">11385</td></tr><tr class="passedodd"><td rowspan="2">com.drx.qa.TestClass.PatientSearchScreen</td><td><a href="#m9">searchbutton</a></td><td rowspan="1">1588960128151</td><td rowspan="1">675</td></tr><tr class="passedodd"><td><a href="#m10">searchuser</a></td><td rowspan="1">1588960139131</td><td rowspan="1">89</td></tr><tr class="passedeven"><td rowspan="1">com.drx.qa.TestClass.SendToPhramcyTestClass</td><td><a href="#m11">TitleTest</a></td><td rowspan="1">1588960357761</td><td rowspan="1">13</td></tr></tbody></table><h2>Test</h2><h3 id="m0">com.drx.qa.TestClass.LoginImageClick#verifyLoginImpageLink</h3><table class="result"><tr><th>Exception</th></tr><tr><td><div class="stacktrace">java.lang.IllegalArgumentException: Must provide a location for a move action.
	at org.openqa.selenium.interactions.MoveMouseAction.&lt;init&gt;(MoveMouseAction.java:38)
	at org.openqa.selenium.interactions.Actions.moveToElement(Actions.java:387)
	at com.drx.qa.allPages.InnitialPage.clickOnLoginImage(InnitialPage.java:26)
	at com.drx.qa.TestClass.LoginImageClick.verifyLoginImpageLink(LoginImageClick.java:30)
... Removed 25 stack frames</div></td></tr></table><p class="totop"><a href="#summary">back to summary</a></p><h3 id="m1">com.drx.qa.TestClass.NewRxTestClass#selectDrug</h3><table class="result"><tr><th>Exception</th></tr><tr><td><div class="stacktrace">org.openqa.selenium.NoSuchElementException: no such element: Unable to locate element: {&quot;method&quot;:&quot;xpath&quot;,&quot;selector&quot;:&quot;(//div[@id=&apos;targetDiv&apos;]/select/option)[1]&quot;}
  (Session info: chrome=81.0.4044.138)
  (Driver info: chromedriver=2.40.565386 (45a059dc425e08165f9a10324bd1380cc13ca363),platform=Mac OS X 10.13.6 x86_64) (WARNING: The server did not provide any stacktrace information)
Command duration or timeout: 0 milliseconds
For documentation on this error, please visit: http://seleniumhq.org/exceptions/no_such_element.html
Build info: version: &apos;3.14.0&apos;, revision: &apos;aacccce0&apos;, time: &apos;2018-08-02T20:19:58.91Z&apos;
System info: host: &apos;admins-MacBook-Pro-3.local&apos;, ip: &apos;127.0.0.1&apos;, os.name: &apos;Mac OS X&apos;, os.arch: &apos;x86_64&apos;, os.version: &apos;10.13.6&apos;, java.version: &apos;1.8.0_131&apos;
Driver info: org.openqa.selenium.chrome.ChromeDriver
Capabilities {acceptInsecureCerts: false, acceptSslCerts: false, applicationCacheEnabled: false, browserConnectionEnabled: false, browserName: chrome, chrome: {chromedriverVersion: 2.40.565386 (45a059dc425e08..., userDataDir: /var/folders/h2/w9w3j0wj7sv...}, cssSelectorsEnabled: true, databaseEnabled: false, handlesAlerts: true, hasTouchScreen: false, javascriptEnabled: true, locationContextEnabled: true, mobileEmulationEnabled: false, nativeEvents: true, networkConnectionEnabled: false, pageLoadStrategy: normal, platform: MAC, platformName: MAC, rotatable: false, setWindowRect: true, takesHeapSnapshot: true, takesScreenshot: true, unexpectedAlertBehaviour: , unhandledPromptBehavior: , version: 81.0.4044.138, webStorageEnabled: true}
Session ID: 07bccd357ad01ab2541145bcd54324af
*** Element info: {Using=xpath, value=(//div[@id=&apos;targetDiv&apos;]/select/option)[1]}
	at org.openqa.selenium.remote.ErrorHandler.createThrowable(ErrorHandler.java:214)
	at org.openqa.selenium.remote.ErrorHandler.throwIfResponseFailed(ErrorHandler.java:166)
	at org.openqa.selenium.remote.http.JsonHttpResponseCodec.reconstructValue(JsonHttpResponseCodec.java:40)
	at org.openqa.selenium.remote.http.AbstractHttpResponseCodec.decode(AbstractHttpResponseCodec.java:80)
	at org.openqa.selenium.remote.http.AbstractHttpResponseCodec.decode(AbstractHttpResponseCodec.java:44)
	at org.openqa.selenium.remote.HttpCommandExecutor.execute(HttpCommandExecutor.java:158)
	at org.openqa.selenium.remote.service.DriverCommandExecutor.execute(DriverCommandExecutor.java:83)
	at org.openqa.selenium.remote.RemoteWebDriver.execute(RemoteWebDriver.java:548)
	at org.openqa.selenium.remote.RemoteWebDriver.findElement(RemoteWebDriver.java:322)
	at org.openqa.selenium.remote.RemoteWebDriver.findElementByXPath(RemoteWebDriver.java:424)
	at org.openqa.selenium.By$ByXPath.findElement(By.java:353)
	at org.openqa.selenium.remote.RemoteWebDriver.findElement(RemoteWebDriver.java:314)
	at org.openqa.selenium.support.pagefactory.DefaultElementLocator.findElement(DefaultElementLocator.java:69)
	at org.openqa.selenium.support.pagefactory.internal.LocatingElementHandler.invoke(LocatingElementHandler.java:38)
	at com.sun.proxy.$Proxy9.getCoordinates(Unknown Source)
	at org.openqa.selenium.interactions.internal.MouseAction.getActionLocation(MouseAction.java:66)
	at org.openqa.selenium.interactions.MoveMouseAction.perform(MoveMouseAction.java:43)
	at org.openqa.selenium.interactions.CompositeAction.perform(CompositeAction.java:34)
	at org.openqa.selenium.interactions.Actions$BuiltAction.perform(Actions.java:643)
	at com.drx.qa.allPages.NewRXPage.DrugSelect(NewRXPage.java:56)
	at com.drx.qa.TestClass.NewRxTestClass.selectDrug(NewRxTestClass.java:49)
... Removed 29 stack frames</div></td></tr></table><p class="totop"><a href="#summary">back to summary</a></p><h3 id="m2">com.drx.qa.TestClass.DrugSelectionFromlist#selectDrugfromlist</h3><table class="result"></table><p class="totop"><a href="#summary">back to summary</a></p><h3 id="m3">com.drx.qa.TestClass.FinalPageTestClass#sendToPhramacyFinalPage</h3><table class="result"></table><p class="totop"><a href="#summary">back to summary</a></p><h3 id="m4">com.drx.qa.TestClass.LoginTestClass#doLogin</h3><table class="result"></table><p class="totop"><a href="#summary">back to summary</a></p><h3 id="m5">com.drx.qa.TestClass.LoginTestClass#submitbutton</h3><table class="result"></table><p class="totop"><a href="#summary">back to summary</a></p><h3 id="m6">com.drx.qa.TestClass.NewRxTestClass#DelievryDDP</h3><table class="result"></table><p class="totop"><a href="#summary">back to summary</a></p><h3 id="m7">com.drx.qa.TestClass.NewRxTestClass#searchDrug</h3><table class="result"></table><p class="totop"><a href="#summary">back to summary</a></p><h3 id="m8">com.drx.qa.TestClass.PatientDetailsPageTest#selectPatient</h3><table class="result"></table><p class="totop"><a href="#summary">back to summary</a></p><h3 id="m9">com.drx.qa.TestClass.PatientSearchScreen#searchbutton</h3><table class="result"></table><p class="totop"><a href="#summary">back to summary</a></p><h3 id="m10">com.drx.qa.TestClass.PatientSearchScreen#searchuser</h3><table class="result"></table><p class="totop"><a href="#summary">back to summary</a></p><h3 id="m11">com.drx.qa.TestClass.SendToPhramcyTestClass#TitleTest</h3><table class="result"></table><p class="totop"><a href="#summary">back to summary</a></p></body></html>