<?xml version="1.0" encoding="UTF-8"?>
<testng-results skipped="0" failed="2" ignored="0" total="12" passed="10">
  <reporter-output>
  </reporter-output>
  <suite name="Suite" duration-ms="354346" started-at="2020-05-08T17:48:17Z" finished-at="2020-05-08T17:54:11Z">
    <groups>
    </groups>
    <test name="Test" duration-ms="354346" started-at="2020-05-08T17:48:17Z" finished-at="2020-05-08T17:54:11Z">
      <class name="com.drx.qa.TestClass.DrugSelectionFromlist">
        <test-method status="PASS" signature="SetUP()[pri:0, instance:com.drx.qa.TestClass.DrugSelectionFromlist@6d4b1c02]" name="SetUP" is-config="true" duration-ms="30035" started-at="2020-05-08T23:20:55Z" finished-at="2020-05-08T23:21:25Z">
          <reporter-output>
          </reporter-output>
        </test-method> <!-- SetUP -->
        <test-method status="PASS" signature="selectDrugfromlist()[pri:0, instance:com.drx.qa.TestClass.DrugSelectionFromlist@6d4b1c02]" name="selectDrugfromlist" duration-ms="12277" started-at="2020-05-08T23:21:25Z" finished-at="2020-05-08T23:21:38Z">
          <reporter-output>
          </reporter-output>
        </test-method> <!-- selectDrugfromlist -->
      </class> <!-- com.drx.qa.TestClass.DrugSelectionFromlist -->
      <class name="com.drx.qa.TestClass.NewRxTestClass">
        <test-method status="PASS" signature="setUpMethod()[pri:0, instance:com.drx.qa.TestClass.NewRxTestClass@7cd62f43]" name="setUpMethod" is-config="true" duration-ms="23172" started-at="2020-05-08T23:19:21Z" finished-at="2020-05-08T23:19:44Z">
          <reporter-output>
          </reporter-output>
        </test-method> <!-- setUpMethod -->
        <test-method status="PASS" signature="DelievryDDP()[pri:0, instance:com.drx.qa.TestClass.NewRxTestClass@7cd62f43]" name="DelievryDDP" duration-ms="205" started-at="2020-05-08T23:19:44Z" finished-at="2020-05-08T23:19:44Z">
          <reporter-output>
          </reporter-output>
        </test-method> <!-- DelievryDDP -->
        <test-method status="PASS" signature="setUpMethod()[pri:0, instance:com.drx.qa.TestClass.NewRxTestClass@7cd62f43]" name="setUpMethod" is-config="true" duration-ms="24223" started-at="2020-05-08T23:19:44Z" finished-at="2020-05-08T23:20:08Z">
          <reporter-output>
          </reporter-output>
        </test-method> <!-- setUpMethod -->
        <test-method status="PASS" signature="searchDrug()[pri:0, instance:com.drx.qa.TestClass.NewRxTestClass@7cd62f43]" name="searchDrug" duration-ms="2165" started-at="2020-05-08T23:20:08Z" finished-at="2020-05-08T23:20:11Z">
          <reporter-output>
          </reporter-output>
        </test-method> <!-- searchDrug -->
        <test-method status="PASS" signature="setUpMethod()[pri:0, instance:com.drx.qa.TestClass.NewRxTestClass@7cd62f43]" name="setUpMethod" is-config="true" duration-ms="23726" started-at="2020-05-08T23:20:11Z" finished-at="2020-05-08T23:20:34Z">
          <reporter-output>
          </reporter-output>
        </test-method> <!-- setUpMethod -->
        <test-method status="FAIL" signature="selectDrug()[pri:0, instance:com.drx.qa.TestClass.NewRxTestClass@7cd62f43]" name="selectDrug" duration-ms="20321" started-at="2020-05-08T23:20:34Z" finished-at="2020-05-08T23:20:55Z">
          <exception class="org.openqa.selenium.NoSuchElementException">
            <message>
              <![CDATA[no such element: Unable to locate element: {"method":"xpath","selector":"(//div[@id='targetDiv']/select/option)[1]"}
  (Session info: chrome=81.0.4044.138)
  (Driver info: chromedriver=2.40.565386 (45a059dc425e08165f9a10324bd1380cc13ca363),platform=Mac OS X 10.13.6 x86_64) (WARNING: The server did not provide any stacktrace information)
Command duration or timeout: 0 milliseconds
For documentation on this error, please visit: http://seleniumhq.org/exceptions/no_such_element.html
Build info: version: '3.14.0', revision: 'aacccce0', time: '2018-08-02T20:19:58.91Z'
System info: host: 'admins-MacBook-Pro-3.local', ip: '127.0.0.1', os.name: 'Mac OS X', os.arch: 'x86_64', os.version: '10.13.6', java.version: '1.8.0_131'
Driver info: org.openqa.selenium.chrome.ChromeDriver
Capabilities {acceptInsecureCerts: false, acceptSslCerts: false, applicationCacheEnabled: false, browserConnectionEnabled: false, browserName: chrome, chrome: {chromedriverVersion: 2.40.565386 (45a059dc425e08..., userDataDir: /var/folders/h2/w9w3j0wj7sv...}, cssSelectorsEnabled: true, databaseEnabled: false, handlesAlerts: true, hasTouchScreen: false, javascriptEnabled: true, locationContextEnabled: true, mobileEmulationEnabled: false, nativeEvents: true, networkConnectionEnabled: false, pageLoadStrategy: normal, platform: MAC, platformName: MAC, rotatable: false, setWindowRect: true, takesHeapSnapshot: true, takesScreenshot: true, unexpectedAlertBehaviour: , unhandledPromptBehavior: , version: 81.0.4044.138, webStorageEnabled: true}
Session ID: 07bccd357ad01ab2541145bcd54324af
*** Element info: {Using=xpath, value=(//div[@id='targetDiv']/select/option)[1]}]]>
            </message>
            <full-stacktrace>
              <![CDATA[org.openqa.selenium.NoSuchElementException: no such element: Unable to locate element: {"method":"xpath","selector":"(//div[@id='targetDiv']/select/option)[1]"}
  (Session info: chrome=81.0.4044.138)
  (Driver info: chromedriver=2.40.565386 (45a059dc425e08165f9a10324bd1380cc13ca363),platform=Mac OS X 10.13.6 x86_64) (WARNING: The server did not provide any stacktrace information)
Command duration or timeout: 0 milliseconds
For documentation on this error, please visit: http://seleniumhq.org/exceptions/no_such_element.html
Build info: version: '3.14.0', revision: 'aacccce0', time: '2018-08-02T20:19:58.91Z'
System info: host: 'admins-MacBook-Pro-3.local', ip: '127.0.0.1', os.name: 'Mac OS X', os.arch: 'x86_64', os.version: '10.13.6', java.version: '1.8.0_131'
Driver info: org.openqa.selenium.chrome.ChromeDriver
Capabilities {acceptInsecureCerts: false, acceptSslCerts: false, applicationCacheEnabled: false, browserConnectionEnabled: false, browserName: chrome, chrome: {chromedriverVersion: 2.40.565386 (45a059dc425e08..., userDataDir: /var/folders/h2/w9w3j0wj7sv...}, cssSelectorsEnabled: true, databaseEnabled: false, handlesAlerts: true, hasTouchScreen: false, javascriptEnabled: true, locationContextEnabled: true, mobileEmulationEnabled: false, nativeEvents: true, networkConnectionEnabled: false, pageLoadStrategy: normal, platform: MAC, platformName: MAC, rotatable: false, setWindowRect: true, takesHeapSnapshot: true, takesScreenshot: true, unexpectedAlertBehaviour: , unhandledPromptBehavior: , version: 81.0.4044.138, webStorageEnabled: true}
Session ID: 07bccd357ad01ab2541145bcd54324af
*** Element info: {Using=xpath, value=(//div[@id='targetDiv']/select/option)[1]}
	at sun.reflect.NativeConstructorAccessorImpl.newInstance0(Native Method)
	at sun.reflect.NativeConstructorAccessorImpl.newInstance(NativeConstructorAccessorImpl.java:62)
	at sun.reflect.DelegatingConstructorAccessorImpl.newInstance(DelegatingConstructorAccessorImpl.java:45)
	at java.lang.reflect.Constructor.newInstance(Constructor.java:423)
	at org.openqa.selenium.remote.ErrorHandler.createThrowable(ErrorHandler.java:214)
	at org.openqa.selenium.remote.ErrorHandler.throwIfResponseFailed(ErrorHandler.java:166)
	at org.openqa.selenium.remote.http.JsonHttpResponseCodec.reconstructValue(JsonHttpResponseCodec.java:40)
	at org.openqa.selenium.remote.http.AbstractHttpResponseCodec.decode(AbstractHttpResponseCodec.java:80)
	at org.openqa.selenium.remote.http.AbstractHttpResponseCodec.decode(AbstractHttpResponseCodec.java:44)
	at org.openqa.selenium.remote.HttpCommandExecutor.execute(HttpCommandExecutor.java:158)
	at org.openqa.selenium.remote.service.DriverCommandExecutor.execute(DriverCommandExecutor.java:83)
	at org.openqa.selenium.remote.RemoteWebDriver.execute(RemoteWebDriver.java:548)
	at org.openqa.selenium.remote.RemoteWebDriver.findElement(RemoteWebDriver.java:322)
	at org.openqa.selenium.remote.RemoteWebDriver.findElementByXPath(RemoteWebDriver.java:424)
	at org.openqa.selenium.By$ByXPath.findElement(By.java:353)
	at org.openqa.selenium.remote.RemoteWebDriver.findElement(RemoteWebDriver.java:314)
	at org.openqa.selenium.support.pagefactory.DefaultElementLocator.findElement(DefaultElementLocator.java:69)
	at org.openqa.selenium.support.pagefactory.internal.LocatingElementHandler.invoke(LocatingElementHandler.java:38)
	at com.sun.proxy.$Proxy9.getCoordinates(Unknown Source)
	at org.openqa.selenium.interactions.internal.MouseAction.getActionLocation(MouseAction.java:66)
	at org.openqa.selenium.interactions.MoveMouseAction.perform(MoveMouseAction.java:43)
	at org.openqa.selenium.interactions.CompositeAction.perform(CompositeAction.java:34)
	at org.openqa.selenium.interactions.Actions$BuiltAction.perform(Actions.java:643)
	at com.drx.qa.allPages.NewRXPage.DrugSelect(NewRXPage.java:56)
	at com.drx.qa.TestClass.NewRxTestClass.selectDrug(NewRxTestClass.java:49)
	at sun.reflect.NativeMethodAccessorImpl.invoke0(Native Method)
	at sun.reflect.NativeMethodAccessorImpl.invoke(NativeMethodAccessorImpl.java:62)
	at sun.reflect.DelegatingMethodAccessorImpl.invoke(DelegatingMethodAccessorImpl.java:43)
	at java.lang.reflect.Method.invoke(Method.java:498)
	at org.testng.internal.MethodInvocationHelper.invokeMethod(MethodInvocationHelper.java:108)
	at org.testng.internal.Invoker.invokeMethod(Invoker.java:661)
	at org.testng.internal.Invoker.invokeTestMethod(Invoker.java:869)
	at org.testng.internal.Invoker.invokeTestMethods(Invoker.java:1193)
	at org.testng.internal.TestMethodWorker.invokeTestMethods(TestMethodWorker.java:126)
	at org.testng.internal.TestMethodWorker.run(TestMethodWorker.java:109)
	at org.testng.TestRunner.privateRun(TestRunner.java:744)
	at org.testng.TestRunner.run(TestRunner.java:602)
	at org.testng.SuiteRunner.runTest(SuiteRunner.java:380)
	at org.testng.SuiteRunner.runSequentially(SuiteRunner.java:375)
	at org.testng.SuiteRunner.privateRun(SuiteRunner.java:340)
	at org.testng.SuiteRunner.run(SuiteRunner.java:289)
	at org.testng.SuiteRunnerWorker.runSuite(SuiteRunnerWorker.java:52)
	at org.testng.SuiteRunnerWorker.run(SuiteRunnerWorker.java:86)
	at org.testng.TestNG.runSuitesSequentially(TestNG.java:1301)
	at org.testng.TestNG.runSuitesLocally(TestNG.java:1226)
	at org.testng.TestNG.runSuites(TestNG.java:1144)
	at org.testng.TestNG.run(TestNG.java:1115)
	at org.testng.remote.AbstractRemoteTestNG.run(AbstractRemoteTestNG.java:114)
	at org.testng.remote.RemoteTestNG.initAndRun(RemoteTestNG.java:251)
	at org.testng.remote.RemoteTestNG.main(RemoteTestNG.java:77)
]]>
            </full-stacktrace>
          </exception> <!-- org.openqa.selenium.NoSuchElementException -->
          <reporter-output>
          </reporter-output>
        </test-method> <!-- selectDrug -->
      </class> <!-- com.drx.qa.TestClass.NewRxTestClass -->
      <class name="com.drx.qa.TestClass.FinalPageTestClass">
        <test-method status="PASS" signature="SetUPmethod()[pri:0, instance:com.drx.qa.TestClass.FinalPageTestClass@5622fdf]" name="SetUPmethod" is-config="true" duration-ms="52479" started-at="2020-05-08T23:22:37Z" finished-at="2020-05-08T23:23:30Z">
          <reporter-output>
          </reporter-output>
        </test-method> <!-- SetUPmethod -->
        <test-method status="PASS" signature="sendToPhramacyFinalPage()[pri:0, instance:com.drx.qa.TestClass.FinalPageTestClass@5622fdf]" name="sendToPhramacyFinalPage" duration-ms="30463" started-at="2020-05-08T23:23:30Z" finished-at="2020-05-08T23:24:00Z">
          <reporter-output>
          </reporter-output>
        </test-method> <!-- sendToPhramacyFinalPage -->
      </class> <!-- com.drx.qa.TestClass.FinalPageTestClass -->
      <class name="com.drx.qa.TestClass.SendToPhramcyTestClass">
        <test-method status="PASS" signature="Setup()[pri:0, instance:com.drx.qa.TestClass.SendToPhramcyTestClass@6093dd95]" name="Setup" is-config="true" duration-ms="59609" started-at="2020-05-08T23:21:38Z" finished-at="2020-05-08T23:22:37Z">
          <reporter-output>
          </reporter-output>
        </test-method> <!-- Setup -->
        <test-method status="PASS" signature="TitleTest()[pri:0, instance:com.drx.qa.TestClass.SendToPhramcyTestClass@6093dd95]" name="TitleTest" duration-ms="13" started-at="2020-05-08T23:22:37Z" finished-at="2020-05-08T23:22:37Z">
          <reporter-output>
          </reporter-output>
        </test-method> <!-- TitleTest -->
      </class> <!-- com.drx.qa.TestClass.SendToPhramcyTestClass -->
      <class name="com.drx.qa.TestClass.LoginTestClass">
        <test-method status="PASS" signature="SetupBrowser()[pri:0, instance:com.drx.qa.TestClass.LoginTestClass@6a4f787b]" name="SetupBrowser" is-config="true" duration-ms="10435" started-at="2020-05-08T23:18:17Z" finished-at="2020-05-08T23:18:27Z">
          <reporter-output>
          </reporter-output>
        </test-method> <!-- SetupBrowser -->
        <test-method status="PASS" signature="doLogin()[pri:0, instance:com.drx.qa.TestClass.LoginTestClass@6a4f787b]" name="doLogin" duration-ms="379" started-at="2020-05-08T23:18:27Z" finished-at="2020-05-08T23:18:27Z">
          <reporter-output>
          </reporter-output>
        </test-method> <!-- doLogin -->
        <test-method status="PASS" signature="tearDown()[pri:0, instance:com.drx.qa.TestClass.LoginTestClass@6a4f787b]" name="tearDown" is-config="true" duration-ms="269" started-at="2020-05-08T23:18:27Z" finished-at="2020-05-08T23:18:28Z">
          <reporter-output>
          </reporter-output>
        </test-method> <!-- tearDown -->
        <test-method status="PASS" signature="SetupBrowser()[pri:0, instance:com.drx.qa.TestClass.LoginTestClass@6a4f787b]" name="SetupBrowser" is-config="true" duration-ms="8470" started-at="2020-05-08T23:18:28Z" finished-at="2020-05-08T23:18:36Z">
          <reporter-output>
          </reporter-output>
        </test-method> <!-- SetupBrowser -->
        <test-method status="PASS" signature="submitbutton()[pri:0, instance:com.drx.qa.TestClass.LoginTestClass@6a4f787b]" name="submitbutton" duration-ms="708" started-at="2020-05-08T23:18:36Z" finished-at="2020-05-08T23:18:37Z">
          <reporter-output>
          </reporter-output>
        </test-method> <!-- submitbutton -->
        <test-method status="PASS" signature="tearDown()[pri:0, instance:com.drx.qa.TestClass.LoginTestClass@6a4f787b]" name="tearDown" is-config="true" duration-ms="277" started-at="2020-05-08T23:18:37Z" finished-at="2020-05-08T23:18:37Z">
          <reporter-output>
          </reporter-output>
        </test-method> <!-- tearDown -->
      </class> <!-- com.drx.qa.TestClass.LoginTestClass -->
      <class name="com.drx.qa.TestClass.PatientSearchScreen">
        <test-method status="PASS" signature="setmethod()[pri:0, instance:com.drx.qa.TestClass.PatientSearchScreen@685cb137]" name="setmethod" is-config="true" duration-ms="10479" started-at="2020-05-08T23:18:37Z" finished-at="2020-05-08T23:18:48Z">
          <reporter-output>
          </reporter-output>
        </test-method> <!-- setmethod -->
        <test-method status="PASS" signature="searchbutton()[pri:0, instance:com.drx.qa.TestClass.PatientSearchScreen@685cb137]" name="searchbutton" duration-ms="675" started-at="2020-05-08T23:18:48Z" finished-at="2020-05-08T23:18:48Z">
          <reporter-output>
          </reporter-output>
        </test-method> <!-- searchbutton -->
        <test-method status="PASS" signature="tearDown()[pri:0, instance:com.drx.qa.TestClass.PatientSearchScreen@685cb137]" name="tearDown" is-config="true" duration-ms="265" started-at="2020-05-08T23:18:48Z" finished-at="2020-05-08T23:18:49Z">
          <reporter-output>
          </reporter-output>
        </test-method> <!-- tearDown -->
        <test-method status="PASS" signature="setmethod()[pri:0, instance:com.drx.qa.TestClass.PatientSearchScreen@685cb137]" name="setmethod" is-config="true" duration-ms="10037" started-at="2020-05-08T23:18:49Z" finished-at="2020-05-08T23:18:59Z">
          <reporter-output>
          </reporter-output>
        </test-method> <!-- setmethod -->
        <test-method status="PASS" signature="searchuser()[pri:0, instance:com.drx.qa.TestClass.PatientSearchScreen@685cb137]" name="searchuser" duration-ms="89" started-at="2020-05-08T23:18:59Z" finished-at="2020-05-08T23:18:59Z">
          <reporter-output>
          </reporter-output>
        </test-method> <!-- searchuser -->
        <test-method status="PASS" signature="tearDown()[pri:0, instance:com.drx.qa.TestClass.PatientSearchScreen@685cb137]" name="tearDown" is-config="true" duration-ms="304" started-at="2020-05-08T23:18:59Z" finished-at="2020-05-08T23:18:59Z">
          <reporter-output>
          </reporter-output>
        </test-method> <!-- tearDown -->
      </class> <!-- com.drx.qa.TestClass.PatientSearchScreen -->
      <class name="com.drx.qa.TestClass.LoginImageClick">
        <test-method status="PASS" signature="Setup()[pri:0, instance:com.drx.qa.TestClass.LoginImageClick@4883b407]" name="Setup" is-config="true" duration-ms="9817" started-at="2020-05-08T23:24:00Z" finished-at="2020-05-08T23:24:10Z">
          <reporter-output>
          </reporter-output>
        </test-method> <!-- Setup -->
        <test-method status="FAIL" signature="verifyLoginImpageLink()[pri:0, instance:com.drx.qa.TestClass.LoginImageClick@4883b407]" name="verifyLoginImpageLink" duration-ms="6" started-at="2020-05-08T23:24:10Z" finished-at="2020-05-08T23:24:10Z">
          <exception class="java.lang.IllegalArgumentException">
            <message>
              <![CDATA[Must provide a location for a move action.]]>
            </message>
            <full-stacktrace>
              <![CDATA[java.lang.IllegalArgumentException: Must provide a location for a move action.
	at org.openqa.selenium.interactions.MoveMouseAction.<init>(MoveMouseAction.java:38)
	at org.openqa.selenium.interactions.Actions.moveToElement(Actions.java:387)
	at com.drx.qa.allPages.InnitialPage.clickOnLoginImage(InnitialPage.java:26)
	at com.drx.qa.TestClass.LoginImageClick.verifyLoginImpageLink(LoginImageClick.java:30)
	at sun.reflect.NativeMethodAccessorImpl.invoke0(Native Method)
	at sun.reflect.NativeMethodAccessorImpl.invoke(NativeMethodAccessorImpl.java:62)
	at sun.reflect.DelegatingMethodAccessorImpl.invoke(DelegatingMethodAccessorImpl.java:43)
	at java.lang.reflect.Method.invoke(Method.java:498)
	at org.testng.internal.MethodInvocationHelper.invokeMethod(MethodInvocationHelper.java:108)
	at org.testng.internal.Invoker.invokeMethod(Invoker.java:661)
	at org.testng.internal.Invoker.invokeTestMethod(Invoker.java:869)
	at org.testng.internal.Invoker.invokeTestMethods(Invoker.java:1193)
	at org.testng.internal.TestMethodWorker.invokeTestMethods(TestMethodWorker.java:126)
	at org.testng.internal.TestMethodWorker.run(TestMethodWorker.java:109)
	at org.testng.TestRunner.privateRun(TestRunner.java:744)
	at org.testng.TestRunner.run(TestRunner.java:602)
	at org.testng.SuiteRunner.runTest(SuiteRunner.java:380)
	at org.testng.SuiteRunner.runSequentially(SuiteRunner.java:375)
	at org.testng.SuiteRunner.privateRun(SuiteRunner.java:340)
	at org.testng.SuiteRunner.run(SuiteRunner.java:289)
	at org.testng.SuiteRunnerWorker.runSuite(SuiteRunnerWorker.java:52)
	at org.testng.SuiteRunnerWorker.run(SuiteRunnerWorker.java:86)
	at org.testng.TestNG.runSuitesSequentially(TestNG.java:1301)
	at org.testng.TestNG.runSuitesLocally(TestNG.java:1226)
	at org.testng.TestNG.runSuites(TestNG.java:1144)
	at org.testng.TestNG.run(TestNG.java:1115)
	at org.testng.remote.AbstractRemoteTestNG.run(AbstractRemoteTestNG.java:114)
	at org.testng.remote.RemoteTestNG.initAndRun(RemoteTestNG.java:251)
	at org.testng.remote.RemoteTestNG.main(RemoteTestNG.java:77)
]]>
            </full-stacktrace>
          </exception> <!-- java.lang.IllegalArgumentException -->
          <reporter-output>
          </reporter-output>
        </test-method> <!-- verifyLoginImpageLink -->
        <test-method status="PASS" signature="tearDown()[pri:0, instance:com.drx.qa.TestClass.LoginImageClick@4883b407]" name="tearDown" is-config="true" duration-ms="332" started-at="2020-05-08T23:24:11Z" finished-at="2020-05-08T23:24:11Z">
          <reporter-output>
          </reporter-output>
        </test-method> <!-- tearDown -->
      </class> <!-- com.drx.qa.TestClass.LoginImageClick -->
      <class name="com.drx.qa.TestClass.PatientDetailsPageTest">
        <test-method status="PASS" signature="setup()[pri:0, instance:com.drx.qa.TestClass.PatientDetailsPageTest@6a41eaa2]" name="setup" is-config="true" duration-ms="10456" started-at="2020-05-08T23:18:59Z" finished-at="2020-05-08T23:19:09Z">
          <reporter-output>
          </reporter-output>
        </test-method> <!-- setup -->
        <test-method status="PASS" signature="selectPatient()[pri:0, instance:com.drx.qa.TestClass.PatientDetailsPageTest@6a41eaa2]" name="selectPatient" duration-ms="11385" started-at="2020-05-08T23:19:09Z" finished-at="2020-05-08T23:19:21Z">
          <reporter-output>
          </reporter-output>
        </test-method> <!-- selectPatient -->
      </class> <!-- com.drx.qa.TestClass.PatientDetailsPageTest -->
    </test> <!-- Test -->
  </suite> <!-- Suite -->
</testng-results>
