<?xml version="1.0" encoding="UTF-8"?>
<!-- Generated by org.testng.reporters.JUnitXMLReporter -->
<testsuite hostname="admins-MacBook-Pro-3.local" ignored="0" name="Test" tests="8" failures="2" timestamp="18 Apr 2020 09:08:55 GMT" time="0.21" errors="0">
  <testcase name="test1" time="0.022" classname="retryAnalizer.SampleTest">
    <skipped/>
  </testcase> <!-- test1 -->
  <testcase name="test1" time="0.004" classname="retryAnalizer.SampleTest">
    <skipped/>
  </testcase> <!-- test1 -->
  <testcase name="test1" time="0.004" classname="retryAnalizer.SampleTest">
    <skipped/>
  </testcase> <!-- test1 -->
  <testcase name="test1" time="0.003" classname="retryAnalizer.SampleTest">
    <failure type="java.lang.AssertionError" message="expected:&amp;lt;hruthik&amp;gt; but was:&amp;lt;bolly&amp;gt;">
      <![CDATA[java.lang.AssertionError: expected:<hruthik> but was:<bolly>
	at retryAnalizer.SampleTest.test1(SampleTest.java:12)
... Removed 27 stack frames]]>
    </failure>
  </testcase> <!-- test1 -->
  <testcase name="test2" time="0.005" classname="retryAnalizer.SampleTest">
    <skipped/>
  </testcase> <!-- test2 -->
  <testcase name="test2" time="0.008" classname="retryAnalizer.SampleTest">
    <skipped/>
  </testcase> <!-- test2 -->
  <testcase name="test2" time="0.008" classname="retryAnalizer.SampleTest">
    <skipped/>
  </testcase> <!-- test2 -->
  <testcase name="test2" time="0.005" classname="retryAnalizer.SampleTest">
    <failure type="java.lang.AssertionError" message="expected:&amp;lt;kalyan&amp;gt; but was:&amp;lt;Pawan&amp;gt;">
      <![CDATA[java.lang.AssertionError: expected:<kalyan> but was:<Pawan>
	at retryAnalizer.SampleTest.test2(SampleTest.java:19)
... Removed 27 stack frames]]>
    </failure>
  </testcase> <!-- test2 -->
</testsuite> <!-- Test -->
