<?xml version="1.0" encoding="UTF-8"?>
<testng-results skipped="0" failed="1" ignored="0" total="4" passed="3">
  <reporter-output>
    <line>
      <![CDATA[<a href="//Users//admin//Downloads">Screenshot Link</a>]]>
    </line>
    <line>
      <![CDATA[<br>]]>
    </line>
    <line>
      <![CDATA[<a href = "//Users//admin//Downloads"> <img height= 200 src="//Users//admin//Downloads"></a>]]>
    </line>
  </reporter-output>
  <suite name="Suite" duration-ms="435" started-at="2020-01-28T06:46:10Z" finished-at="2020-01-28T06:46:11Z">
    <groups>
    </groups>
    <test name="RegistrationTesting" duration-ms="111" started-at="2020-01-28T06:46:10Z" finished-at="2020-01-28T06:46:11Z">
      <class name="testNGTopics.Assertions">
        <test-method status="FAIL" signature="test()[pri:0, instance:testNGTopics.Assertions@7b49cea0]" name="test" duration-ms="37" started-at="2020-01-28T12:16:11Z" finished-at="2020-01-28T12:16:11Z">
          <exception class="java.lang.AssertionError">
            <message>
              <![CDATA[Falling the assertions because of fails]]>
            </message>
            <full-stacktrace>
              <![CDATA[java.lang.AssertionError: Falling the assertions because of fails
	at org.testng.AssertJUnit.fail(AssertJUnit.java:59)
	at org.testng.AssertJUnit.assertTrue(AssertJUnit.java:24)
	at testNGTopics.Assertions.test(Assertions.java:32)
	at sun.reflect.NativeMethodAccessorImpl.invoke0(Native Method)
	at sun.reflect.NativeMethodAccessorImpl.invoke(NativeMethodAccessorImpl.java:62)
	at sun.reflect.DelegatingMethodAccessorImpl.invoke(DelegatingMethodAccessorImpl.java:43)
	at java.lang.reflect.Method.invoke(Method.java:498)
	at org.testng.internal.MethodInvocationHelper.invokeMethod(MethodInvocationHelper.java:104)
	at org.testng.internal.Invoker.invokeMethod(Invoker.java:645)
	at org.testng.internal.Invoker.invokeTestMethod(Invoker.java:851)
	at org.testng.internal.Invoker.invokeTestMethods(Invoker.java:1177)
	at org.testng.internal.TestMethodWorker.invokeTestMethods(TestMethodWorker.java:129)
	at org.testng.internal.TestMethodWorker.run(TestMethodWorker.java:112)
	at org.testng.TestRunner.privateRun(TestRunner.java:756)
	at org.testng.TestRunner.run(TestRunner.java:610)
	at org.testng.SuiteRunner.runTest(SuiteRunner.java:387)
	at org.testng.SuiteRunner.runSequentially(SuiteRunner.java:382)
	at org.testng.SuiteRunner.privateRun(SuiteRunner.java:340)
	at org.testng.SuiteRunner.run(SuiteRunner.java:289)
	at org.testng.SuiteRunnerWorker.runSuite(SuiteRunnerWorker.java:52)
	at org.testng.SuiteRunnerWorker.run(SuiteRunnerWorker.java:86)
	at org.testng.TestNG.runSuitesSequentially(TestNG.java:1293)
	at org.testng.TestNG.runSuitesLocally(TestNG.java:1218)
	at org.testng.TestNG.runSuites(TestNG.java:1133)
	at org.testng.TestNG.run(TestNG.java:1104)
	at org.testng.remote.AbstractRemoteTestNG.run(AbstractRemoteTestNG.java:114)
	at org.testng.remote.RemoteTestNG.initAndRun(RemoteTestNG.java:251)
	at org.testng.remote.RemoteTestNG.main(RemoteTestNG.java:77)
]]>
            </full-stacktrace>
          </exception> <!-- java.lang.AssertionError -->
          <reporter-output>
            <line>
              <![CDATA[<a href="//Users//admin//Downloads">Screenshot Link</a>]]>
            </line>
            <line>
              <![CDATA[<br>]]>
            </line>
            <line>
              <![CDATA[<a href = "//Users//admin//Downloads"> <img height= 200 src="//Users//admin//Downloads"></a>]]>
            </line>
          </reporter-output>
        </test-method> <!-- test -->
      </class> <!-- testNGTopics.Assertions -->
    </test> <!-- RegistrationTesting -->
    <test name="LoginTestTesting" duration-ms="45" started-at="2020-01-28T06:46:11Z" finished-at="2020-01-28T06:46:11Z">
      <class name="testNGTopics.AllTestAnnotations">
        <test-method status="PASS" signature="ClearedCache()[pri:0, instance:testNGTopics.AllTestAnnotations@a7e666]" name="ClearedCache" is-config="true" duration-ms="3" started-at="2020-01-28T12:16:11Z" finished-at="2020-01-28T12:16:11Z">
          <reporter-output>
          </reporter-output>
        </test-method> <!-- ClearedCache -->
        <test-method status="PASS" signature="BorwserOpen()[pri:0, instance:testNGTopics.AllTestAnnotations@a7e666]" name="BorwserOpen" is-config="true" duration-ms="1" started-at="2020-01-28T12:16:11Z" finished-at="2020-01-28T12:16:11Z">
          <reporter-output>
          </reporter-output>
        </test-method> <!-- BorwserOpen -->
        <test-method status="PASS" signature="TestCase1()[pri:0, instance:testNGTopics.AllTestAnnotations@a7e666]" name="TestCase1" duration-ms="3" started-at="2020-01-28T12:16:11Z" finished-at="2020-01-28T12:16:11Z">
          <reporter-output>
          </reporter-output>
        </test-method> <!-- TestCase1 -->
        <test-method status="PASS" signature="ClosedBrowser()[pri:0, instance:testNGTopics.AllTestAnnotations@a7e666]" name="ClosedBrowser" is-config="true" duration-ms="1" started-at="2020-01-28T12:16:11Z" finished-at="2020-01-28T12:16:11Z">
          <reporter-output>
          </reporter-output>
        </test-method> <!-- ClosedBrowser -->
        <test-method status="PASS" signature="BorwserOpen()[pri:0, instance:testNGTopics.AllTestAnnotations@a7e666]" name="BorwserOpen" is-config="true" duration-ms="1" started-at="2020-01-28T12:16:11Z" finished-at="2020-01-28T12:16:11Z">
          <reporter-output>
          </reporter-output>
        </test-method> <!-- BorwserOpen -->
        <test-method status="PASS" signature="TestCase2()[pri:0, instance:testNGTopics.AllTestAnnotations@a7e666]" name="TestCase2" duration-ms="3" started-at="2020-01-28T12:16:11Z" finished-at="2020-01-28T12:16:11Z">
          <reporter-output>
          </reporter-output>
        </test-method> <!-- TestCase2 -->
        <test-method status="PASS" signature="ClosedBrowser()[pri:0, instance:testNGTopics.AllTestAnnotations@a7e666]" name="ClosedBrowser" is-config="true" duration-ms="1" started-at="2020-01-28T12:16:11Z" finished-at="2020-01-28T12:16:11Z">
          <reporter-output>
          </reporter-output>
        </test-method> <!-- ClosedBrowser -->
        <test-method status="PASS" signature="BorwserOpen()[pri:0, instance:testNGTopics.AllTestAnnotations@a7e666]" name="BorwserOpen" is-config="true" duration-ms="1" started-at="2020-01-28T12:16:11Z" finished-at="2020-01-28T12:16:11Z">
          <reporter-output>
          </reporter-output>
        </test-method> <!-- BorwserOpen -->
        <test-method status="PASS" signature="TestCase3()[pri:0, instance:testNGTopics.AllTestAnnotations@a7e666]" name="TestCase3" duration-ms="3" started-at="2020-01-28T12:16:11Z" finished-at="2020-01-28T12:16:11Z">
          <reporter-output>
          </reporter-output>
        </test-method> <!-- TestCase3 -->
        <test-method status="PASS" signature="ClosedBrowser()[pri:0, instance:testNGTopics.AllTestAnnotations@a7e666]" name="ClosedBrowser" is-config="true" duration-ms="1" started-at="2020-01-28T12:16:11Z" finished-at="2020-01-28T12:16:11Z">
          <reporter-output>
          </reporter-output>
        </test-method> <!-- ClosedBrowser -->
        <test-method status="PASS" signature="Quit()[pri:0, instance:testNGTopics.AllTestAnnotations@a7e666]" name="Quit" is-config="true" duration-ms="1" started-at="2020-01-28T12:16:11Z" finished-at="2020-01-28T12:16:11Z">
          <reporter-output>
          </reporter-output>
        </test-method> <!-- Quit -->
      </class> <!-- testNGTopics.AllTestAnnotations -->
    </test> <!-- LoginTestTesting -->
  </suite> <!-- Suite -->
</testng-results>
