<?xml version="1.0" encoding="UTF-8"?>
<!-- Generated by org.testng.reporters.JUnitXMLReporter -->
<testsuite hostname="admins-MacBook-Pro-3.local" ignored="0" name="Test" tests="9" failures="1" timestamp="15 Apr 2020 14:08:57 GMT" time="137.062" errors="0">
  <testcase name="dataPicker1" time="12.553" classname="com.pizzahut.testcases.FeedbackTestclass"/>
  <testcase name="getTestData" time="1.0" classname="com.pizzahut.testcases.FeedbackTestclass"/>
  <testcase name="verifydropdown1" time="2.499" classname="com.pizzahut.testcases.FeedbackTestclass"/>
  <testcase name="verifydropdown2" time="0.612" classname="com.pizzahut.testcases.FeedbackTestclass"/>
  <testcase name="selectTitlePage" time="0.019" classname="com.pizzahut.testcases.SelectionTestClass"/>
  <testcase name="DropDown2" time="5.369" classname="com.pizzahut.testcases.SelectionTestClass"/>
  <testcase name="DropDown3" time="0.879" classname="com.pizzahut.testcases.SelectionTestClass"/>
  <testcase name="DropDown4" time="0.918" classname="com.pizzahut.testcases.SelectionTestClass">
    <failure type="org.openqa.selenium.NoSuchElementException" message="Cannot locate option with index: 1
For documentation on this error, please visit: http://seleniumhq.org/exceptions/no_such_element.html
Build info: version: &amp;apos;3.14.0&amp;apos;, revision: &amp;apos;aacccce0&amp;apos;, time: &amp;apos;2018-08-02T20:19:58.91Z&amp;apos;
System info: host: &amp;apos;admins-MacBook-Pro-3.local&amp;apos;, ip: &amp;apos;127.0.0.1&amp;apos;, os.name: &amp;apos;Mac OS X&amp;apos;, os.arch: &amp;apos;x86_64&amp;apos;, os.version: &amp;apos;10.13.6&amp;apos;, java.version: &amp;apos;1.8.0_131&amp;apos;
Driver info: driver.version: unknown">
      <![CDATA[org.openqa.selenium.NoSuchElementException: Cannot locate option with index: 1
For documentation on this error, please visit: http://seleniumhq.org/exceptions/no_such_element.html
Build info: version: '3.14.0', revision: 'aacccce0', time: '2018-08-02T20:19:58.91Z'
System info: host: 'admins-MacBook-Pro-3.local', ip: '127.0.0.1', os.name: 'Mac OS X', os.arch: 'x86_64', os.version: '10.13.6', java.version: '1.8.0_131'
Driver info: driver.version: unknown
	at org.openqa.selenium.support.ui.Select.selectByIndex(Select.java:183)
	at com.pizzahut.pages.Selection.DropDown2(Selection.java:56)
	at com.pizzahut.testcases.SelectionTestClass.DropDown4(SelectionTestClass.java:48)
... Removed 25 stack frames]]>
    </failure>
  </testcase> <!-- DropDown4 -->
  <testcase name="submit" time="0.338" classname="com.pizzahut.testcases.SelectionTestClass"/>
</testsuite> <!-- Test -->
