<?xml version="1.0" encoding="UTF-8"?>
<!-- Generated by org.testng.reporters.JUnitXMLReporter -->
<testsuite hostname="admins-MacBook-Pro-3.local" ignored="0" name="Test" tests="12" failures="2" timestamp="08 May 2020 17:54:11 GMT" time="354.346" errors="0">
  <testcase name="doLogin" time="0.379" classname="com.drx.qa.TestClass.LoginTestClass"/>
  <testcase name="submitbutton" time="0.708" classname="com.drx.qa.TestClass.LoginTestClass"/>
  <testcase name="searchbutton" time="0.675" classname="com.drx.qa.TestClass.PatientSearchScreen"/>
  <testcase name="searchuser" time="0.089" classname="com.drx.qa.TestClass.PatientSearchScreen"/>
  <testcase name="selectPatient" time="11.385" classname="com.drx.qa.TestClass.PatientDetailsPageTest"/>
  <testcase name="DelievryDDP" time="0.205" classname="com.drx.qa.TestClass.NewRxTestClass"/>
  <testcase name="searchDrug" time="2.165" classname="com.drx.qa.TestClass.NewRxTestClass"/>
  <testcase name="selectDrug" time="20.321" classname="com.drx.qa.TestClass.NewRxTestClass">
    <failure type="org.openqa.selenium.NoSuchElementException" message="no such element: Unable to locate element: {&amp;quot;method&amp;quot;:&amp;quot;xpath&amp;quot;,&amp;quot;selector&amp;quot;:&amp;quot;(//div[@id=&amp;apos;targetDiv&amp;apos;]/select/option)[1]&amp;quot;}
  (Session info: chrome=81.0.4044.138)
  (Driver info: chromedriver=2.40.565386 (45a059dc425e08165f9a10324bd1380cc13ca363),platform=Mac OS X 10.13.6 x86_64) (WARNING: The server did not provide any stacktrace information)
Command duration or timeout: 0 milliseconds
For documentation on this error, please visit: http://seleniumhq.org/exceptions/no_such_element.html
Build info: version: &amp;apos;3.14.0&amp;apos;, revision: &amp;apos;aacccce0&amp;apos;, time: &amp;apos;2018-08-02T20:19:58.91Z&amp;apos;
System info: host: &amp;apos;admins-MacBook-Pro-3.local&amp;apos;, ip: &amp;apos;127.0.0.1&amp;apos;, os.name: &amp;apos;Mac OS X&amp;apos;, os.arch: &amp;apos;x86_64&amp;apos;, os.version: &amp;apos;10.13.6&amp;apos;, java.version: &amp;apos;1.8.0_131&amp;apos;
Driver info: org.openqa.selenium.chrome.ChromeDriver
Capabilities {acceptInsecureCerts: false, acceptSslCerts: false, applicationCacheEnabled: false, browserConnectionEnabled: false, browserName: chrome, chrome: {chromedriverVersion: 2.40.565386 (45a059dc425e08..., userDataDir: /var/folders/h2/w9w3j0wj7sv...}, cssSelectorsEnabled: true, databaseEnabled: false, handlesAlerts: true, hasTouchScreen: false, javascriptEnabled: true, locationContextEnabled: true, mobileEmulationEnabled: false, nativeEvents: true, networkConnectionEnabled: false, pageLoadStrategy: normal, platform: MAC, platformName: MAC, rotatable: false, setWindowRect: true, takesHeapSnapshot: true, takesScreenshot: true, unexpectedAlertBehaviour: , unhandledPromptBehavior: , version: 81.0.4044.138, webStorageEnabled: true}
Session ID: 07bccd357ad01ab2541145bcd54324af
*** Element info: {Using=xpath, value=(//div[@id=&amp;apos;targetDiv&amp;apos;]/select/option)[1]}">
      <![CDATA[org.openqa.selenium.NoSuchElementException: no such element: Unable to locate element: {"method":"xpath","selector":"(//div[@id='targetDiv']/select/option)[1]"}
  (Session info: chrome=81.0.4044.138)
  (Driver info: chromedriver=2.40.565386 (45a059dc425e08165f9a10324bd1380cc13ca363),platform=Mac OS X 10.13.6 x86_64) (WARNING: The server did not provide any stacktrace information)
Command duration or timeout: 0 milliseconds
For documentation on this error, please visit: http://seleniumhq.org/exceptions/no_such_element.html
Build info: version: '3.14.0', revision: 'aacccce0', time: '2018-08-02T20:19:58.91Z'
System info: host: 'admins-MacBook-Pro-3.local', ip: '127.0.0.1', os.name: 'Mac OS X', os.arch: 'x86_64', os.version: '10.13.6', java.version: '1.8.0_131'
Driver info: org.openqa.selenium.chrome.ChromeDriver
Capabilities {acceptInsecureCerts: false, acceptSslCerts: false, applicationCacheEnabled: false, browserConnectionEnabled: false, browserName: chrome, chrome: {chromedriverVersion: 2.40.565386 (45a059dc425e08..., userDataDir: /var/folders/h2/w9w3j0wj7sv...}, cssSelectorsEnabled: true, databaseEnabled: false, handlesAlerts: true, hasTouchScreen: false, javascriptEnabled: true, locationContextEnabled: true, mobileEmulationEnabled: false, nativeEvents: true, networkConnectionEnabled: false, pageLoadStrategy: normal, platform: MAC, platformName: MAC, rotatable: false, setWindowRect: true, takesHeapSnapshot: true, takesScreenshot: true, unexpectedAlertBehaviour: , unhandledPromptBehavior: , version: 81.0.4044.138, webStorageEnabled: true}
Session ID: 07bccd357ad01ab2541145bcd54324af
*** Element info: {Using=xpath, value=(//div[@id='targetDiv']/select/option)[1]}
	at org.openqa.selenium.remote.ErrorHandler.createThrowable(ErrorHandler.java:214)
	at org.openqa.selenium.remote.ErrorHandler.throwIfResponseFailed(ErrorHandler.java:166)
	at org.openqa.selenium.remote.http.JsonHttpResponseCodec.reconstructValue(JsonHttpResponseCodec.java:40)
	at org.openqa.selenium.remote.http.AbstractHttpResponseCodec.decode(AbstractHttpResponseCodec.java:80)
	at org.openqa.selenium.remote.http.AbstractHttpResponseCodec.decode(AbstractHttpResponseCodec.java:44)
	at org.openqa.selenium.remote.HttpCommandExecutor.execute(HttpCommandExecutor.java:158)
	at org.openqa.selenium.remote.service.DriverCommandExecutor.execute(DriverCommandExecutor.java:83)
	at org.openqa.selenium.remote.RemoteWebDriver.execute(RemoteWebDriver.java:548)
	at org.openqa.selenium.remote.RemoteWebDriver.findElement(RemoteWebDriver.java:322)
	at org.openqa.selenium.remote.RemoteWebDriver.findElementByXPath(RemoteWebDriver.java:424)
	at org.openqa.selenium.By$ByXPath.findElement(By.java:353)
	at org.openqa.selenium.remote.RemoteWebDriver.findElement(RemoteWebDriver.java:314)
	at org.openqa.selenium.support.pagefactory.DefaultElementLocator.findElement(DefaultElementLocator.java:69)
	at org.openqa.selenium.support.pagefactory.internal.LocatingElementHandler.invoke(LocatingElementHandler.java:38)
	at com.sun.proxy.$Proxy9.getCoordinates(Unknown Source)
	at org.openqa.selenium.interactions.internal.MouseAction.getActionLocation(MouseAction.java:66)
	at org.openqa.selenium.interactions.MoveMouseAction.perform(MoveMouseAction.java:43)
	at org.openqa.selenium.interactions.CompositeAction.perform(CompositeAction.java:34)
	at org.openqa.selenium.interactions.Actions$BuiltAction.perform(Actions.java:643)
	at com.drx.qa.allPages.NewRXPage.DrugSelect(NewRXPage.java:56)
	at com.drx.qa.TestClass.NewRxTestClass.selectDrug(NewRxTestClass.java:49)
... Removed 29 stack frames]]>
    </failure>
  </testcase> <!-- selectDrug -->
  <testcase name="selectDrugfromlist" time="12.277" classname="com.drx.qa.TestClass.DrugSelectionFromlist"/>
  <testcase name="TitleTest" time="0.013" classname="com.drx.qa.TestClass.SendToPhramcyTestClass"/>
  <testcase name="sendToPhramacyFinalPage" time="30.463" classname="com.drx.qa.TestClass.FinalPageTestClass"/>
  <testcase name="verifyLoginImpageLink" time="0.006" classname="com.drx.qa.TestClass.LoginImageClick">
    <failure type="java.lang.IllegalArgumentException" message="Must provide a location for a move action.">
      <![CDATA[java.lang.IllegalArgumentException: Must provide a location for a move action.
	at org.openqa.selenium.interactions.MoveMouseAction.<init>(MoveMouseAction.java:38)
	at org.openqa.selenium.interactions.Actions.moveToElement(Actions.java:387)
	at com.drx.qa.allPages.InnitialPage.clickOnLoginImage(InnitialPage.java:26)
	at com.drx.qa.TestClass.LoginImageClick.verifyLoginImpageLink(LoginImageClick.java:30)
... Removed 25 stack frames]]>
    </failure>
  </testcase> <!-- verifyLoginImpageLink -->
</testsuite> <!-- Test -->
